-----------------------------------------------------------------
(:η, 0.05f0)
-----------------------------------------------------------------
(:η, 0.05f0, :γ, Float32[-10.0, 1.0], :typeIerr, 0.023f0, :len, 0.271f0, :lenScaled, 0.271f0, :cent, 0.032f0)
(:η, 0.05f0, :γ, Float32[-10.0, 1.01804], :typeIerr, 0.021f0, :len, 0.28f0, :lenScaled, 0.27f0, :cent, 0.031f0)
(:η, 0.05f0, :γ, Float32[-10.0, 1.03607], :typeIerr, 0.024f0, :len, 0.288f0, :lenScaled, 0.268f0, :cent, 0.031f0)
(:η, 0.05f0, :γ, Float32[-10.0, 1.05411], :typeIerr, 0.019f0, :len, 0.3f0, :lenScaled, 0.27f0, :cent, 0.031f0)
(:η, 0.05f0, :γ, Float32[-10.0, 1.07214], :typeIerr, 0.028f0, :len, 0.309f0, :lenScaled, 0.268f0, :cent, 0.032f0)
----------------------------------------
(:η, 0.05f0, :tIerr, :γ_max_tIerr, Float32[-7.47495, 7.72746], :max_tIerr, 0.132f0, :mean_tIerr, 0.056f0, :L2mean_tIerr, 0.06f0)
(:η, 0.05f0, :len, :γ_max_len, Float32[-1.82365, 9.96393], :max_len, 21.915f0)
(:η, 0.05f0, :lenσ², :γ_max_lenσ², Float32[-6.47295, 5.11222], :max_lenσ², 0.368f0, :mean_lenσ², 0.312f0)
(:η, 0.05f0, :cent, :γ_max_cent, Float32[10.0, 2.80361], :max_cent, 0.035f0)
----------------------------------------
----------------------------------------
(:modeln, "142100", :max_tIerr, 0.132f0)
----------------------------------------
-----------------------------------------------------------------
(:η, 0.02f0)
-----------------------------------------------------------------
(:η, 0.02f0, :γ, Float32[-10.0, 1.0], :typeIerr, 0.02f0, :len, 0.301f0, :lenScaled, 0.301f0, :cent, 0.031f0)
(:η, 0.02f0, :γ, Float32[-10.0, 1.01804], :typeIerr, 0.021f0, :len, 0.314f0, :lenScaled, 0.303f0, :cent, 0.031f0)
(:η, 0.02f0, :γ, Float32[-10.0, 1.03607], :typeIerr, 0.022f0, :len, 0.323f0, :lenScaled, 0.301f0, :cent, 0.031f0)
(:η, 0.02f0, :γ, Float32[-10.0, 1.05411], :typeIerr, 0.02f0, :len, 0.336f0, :lenScaled, 0.302f0, :cent, 0.032f0)
(:η, 0.02f0, :γ, Float32[-10.0, 1.07214], :typeIerr, 0.02f0, :len, 0.348f0, :lenScaled, 0.303f0, :cent, 0.031f0)
----------------------------------------
(:η, 0.02f0, :tIerr, :γ_max_tIerr, Float32[9.75952, 1.07214], :max_tIerr, 0.102f0, :mean_tIerr, 0.044f0, :L2mean_tIerr, 0.047f0)
(:η, 0.02f0, :len, :γ_max_len, Float32[-3.18637, 9.71142], :max_len, 23.482f0)
(:η, 0.02f0, :lenσ², :γ_max_lenσ², Float32[-6.27254, 5.09419], :max_lenσ², 0.405f0, :mean_lenσ², 0.339f0)
(:η, 0.02f0, :cent, :γ_max_cent, Float32[4.58918, 9.96393], :max_cent, 0.035f0)
----------------------------------------
----------------------------------------
(:modeln, "142100", :max_tIerr, 0.1022f0)
----------------------------------------
-----------------------------------------------------------------
(:η, 0.0f0)
-----------------------------------------------------------------
(:η, 0.0f0, :γ, Float32[-10.0, 1.0], :typeIerr, 0.016f0, :len, 0.342f0, :lenScaled, 0.342f0, :cent, 0.031f0)
(:η, 0.0f0, :γ, Float32[-10.0, 1.01804], :typeIerr, 0.017f0, :len, 0.353f0, :lenScaled, 0.34f0, :cent, 0.031f0)
(:η, 0.0f0, :γ, Float32[-10.0, 1.03607], :typeIerr, 0.016f0, :len, 0.365f0, :lenScaled, 0.34f0, :cent, 0.031f0)
(:η, 0.0f0, :γ, Float32[-10.0, 1.05411], :typeIerr, 0.016f0, :len, 0.379f0, :lenScaled, 0.341f0, :cent, 0.031f0)
(:η, 0.0f0, :γ, Float32[-10.0, 1.07214], :typeIerr, 0.018f0, :len, 0.393f0, :lenScaled, 0.342f0, :cent, 0.032f0)
----------------------------------------
(:η, 0.0f0, :tIerr, :γ_max_tIerr, Float32[6.99399, 9.96393], :max_tIerr, 0.081f0, :mean_tIerr, 0.033f0, :L2mean_tIerr, 0.035f0)
(:η, 0.0f0, :len, :γ_max_len, Float32[-3.26653, 9.83768], :max_len, 24.968f0)
(:η, 0.0f0, :lenσ², :γ_max_lenσ², Float32[-3.90782, 1.4509], :max_lenσ², 0.484f0, :mean_lenσ², 0.376f0)
(:η, 0.0f0, :cent, :γ_max_cent, Float32[10.0, 3.6513], :max_cent, 0.035f0)
----------------------------------------
----------------------------------------
(:modeln, "142100", :max_tIerr, 0.0812f0)
----------------------------------------
----------------------------------------
FINISHED GRID INTERROGATION #1
----------------------------------------
max_tIerr: 
[0.132, 0.1022, 0.0812]
----------------------------------------
maxRγD[1][:typeIerr]: 
(0.132f0, Float32[-7.47495, 7.72746])
maxRγD[2][:typeIerr]: 
(0.1022f0, Float32[9.75952, 1.07214])
maxRγD[3][:typeIerr]: 
(0.0812f0, Float32[6.99399, 9.96393])
maxRγD[1][:len]: 
(21.915253f0, Float32[-1.82365, 9.96393])
maxRγD[2][:len]: 
(23.482006f0, Float32[-3.18637, 9.71142])
maxRγD[3][:len]: 
(24.967625f0, Float32[-3.26653, 9.83768])
maxRγD[1][:lenScaled]: 
(0.36777836f0, Float32[-6.47295, 5.11222])
maxRγD[2][:lenScaled]: 
(0.40450296f0, Float32[-6.27254, 5.09419])
maxRγD[3][:lenScaled]: 
(0.48447442f0, Float32[-3.90782, 1.4509])
maxRγD[1][:cent]: 
(0.035129193f0, Float32[10.0, 2.80361])
maxRγD[2][:cent]: 
(0.035310186f0, Float32[4.58918, 9.96393])
maxRγD[3][:cent]: 
(0.035452347f0, Float32[10.0, 3.6513])
----------------------------------------
