-----------------------------------------------------------------
(:η, 0.05f0)
-----------------------------------------------------------------
(:η, 0.05f0, :γ, Float32[-10.0, 0.5], :typeIerr, 0.016f0, :len, 0.035f0, :lenScaled, 0.138f0, :cent, 0.033f0)
(:η, 0.05f0, :γ, Float32[-10.0, 0.510204], :typeIerr, 0.018f0, :len, 0.036f0, :lenScaled, 0.137f0, :cent, 0.03f0)
(:η, 0.05f0, :γ, Float32[-10.0, 0.520408], :typeIerr, 0.034f0, :len, 0.037f0, :lenScaled, 0.137f0, :cent, 0.028f0)
(:η, 0.05f0, :γ, Float32[-10.0, 0.530612], :typeIerr, 0.067f0, :len, 0.039f0, :lenScaled, 0.14f0, :cent, 0.027f0)
(:η, 0.05f0, :γ, Float32[-10.0, 0.540816], :typeIerr, 0.143f0, :len, 0.042f0, :lenScaled, 0.143f0, :cent, 0.027f0)
----------------------------------------
(:η, 0.05f0, :tIerr, :γ_max_tIerr, Float32[9.87976, 0.581633], :max_tIerr, 0.373f0, :mean_tIerr, 0.074f0, :L2mean_tIerr, 0.09f0)
(:η, 0.05f0, :len, :γ_max_len, Float32[-5.39078, 1.0], :max_len, 0.36f0)
(:η, 0.05f0, :lenσ², :γ_max_lenσ², Float32[-2.98597, 0.928571], :max_lenσ², 0.361f0, :mean_lenσ², 0.325f0)
(:η, 0.05f0, :cent, :γ_max_cent, Float32[8.87776, 0.5], :max_cent, 0.04f0)
----------------------------------------
----------------------------------------
(:modeln, "142100", :max_tIerr, 0.3726f0)
----------------------------------------
-----------------------------------------------------------------
(:η, 0.02f0)
-----------------------------------------------------------------
(:η, 0.02f0, :γ, Float32[-10.0, 0.5], :typeIerr, 0.013f0, :len, 0.041f0, :lenScaled, 0.164f0, :cent, 0.032f0)
(:η, 0.02f0, :γ, Float32[-10.0, 0.510204], :typeIerr, 0.012f0, :len, 0.042f0, :lenScaled, 0.163f0, :cent, 0.03f0)
(:η, 0.02f0, :γ, Float32[-10.0, 0.520408], :typeIerr, 0.017f0, :len, 0.045f0, :lenScaled, 0.166f0, :cent, 0.028f0)
(:η, 0.02f0, :γ, Float32[-10.0, 0.530612], :typeIerr, 0.039f0, :len, 0.048f0, :lenScaled, 0.169f0, :cent, 0.027f0)
(:η, 0.02f0, :γ, Float32[-10.0, 0.540816], :typeIerr, 0.072f0, :len, 0.05f0, :lenScaled, 0.172f0, :cent, 0.027f0)
----------------------------------------
(:η, 0.02f0, :tIerr, :γ_max_tIerr, Float32[9.87976, 0.571429], :max_tIerr, 0.315f0, :mean_tIerr, 0.056f0, :L2mean_tIerr, 0.067f0)
(:η, 0.02f0, :len, :γ_max_len, Float32[-5.31062, 1.0], :max_len, 0.393f0)
(:η, 0.02f0, :lenσ², :γ_max_lenσ², Float32[-5.31062, 1.0], :max_lenσ², 0.393f0, :mean_lenσ², 0.353f0)
(:η, 0.02f0, :cent, :γ_max_cent, Float32[8.998, 0.5], :max_cent, 0.04f0)
----------------------------------------
----------------------------------------
(:modeln, "142100", :max_tIerr, 0.3152f0)
----------------------------------------
-----------------------------------------------------------------
(:η, 0.0f0)
-----------------------------------------------------------------
(:η, 0.0f0, :γ, Float32[-10.0, 0.5], :typeIerr, 0.008f0, :len, 0.048f0, :lenScaled, 0.193f0, :cent, 0.032f0)
(:η, 0.0f0, :γ, Float32[-10.0, 0.510204], :typeIerr, 0.01f0, :len, 0.051f0, :lenScaled, 0.195f0, :cent, 0.03f0)
(:η, 0.0f0, :γ, Float32[-10.0, 0.520408], :typeIerr, 0.013f0, :len, 0.053f0, :lenScaled, 0.197f0, :cent, 0.029f0)
(:η, 0.0f0, :γ, Float32[-10.0, 0.530612], :typeIerr, 0.02f0, :len, 0.057f0, :lenScaled, 0.201f0, :cent, 0.027f0)
(:η, 0.0f0, :γ, Float32[-10.0, 0.540816], :typeIerr, 0.035f0, :len, 0.06f0, :lenScaled, 0.206f0, :cent, 0.027f0)
----------------------------------------
(:η, 0.0f0, :tIerr, :γ_max_tIerr, Float32[9.87976, 0.591837], :max_tIerr, 0.228f0, :mean_tIerr, 0.038f0, :L2mean_tIerr, 0.046f0)
(:η, 0.0f0, :len, :γ_max_len, Float32[-5.43086, 1.0], :max_len, 0.466f0)
(:η, 0.0f0, :lenσ², :γ_max_lenσ², Float32[-5.3507, 0.989796], :max_lenσ², 0.467f0, :mean_lenσ², 0.399f0)
(:η, 0.0f0, :cent, :γ_max_cent, Float32[9.11824, 0.5], :max_cent, 0.04f0)
----------------------------------------
----------------------------------------
(:modeln, "142100", :max_tIerr, 0.2284f0)
----------------------------------------
----------------------------------------
FINISHED GID INTERROGATION
----------------------------------------
max_tIerr: 
[0.3726, 0.3152, 0.2284]
----------------------------------------
maxRγD[1][:typeIerr]: 
(0.3726f0, Float32[9.87976, 0.581633])
maxRγD[2][:typeIerr]: 
(0.3152f0, Float32[9.87976, 0.571429])
maxRγD[3][:typeIerr]: 
(0.2284f0, Float32[9.87976, 0.591837])
maxRγD[1][:len]: 
(0.3598004f0, Float32[-5.39078, 1.0])
maxRγD[2][:len]: 
(0.39258018f0, Float32[-5.31062, 1.0])
maxRγD[3][:len]: 
(0.46648544f0, Float32[-5.43086, 1.0])
maxRγD[1][:lenScaled]: 
(0.3611974f0, Float32[-2.98597, 0.928571])
maxRγD[2][:lenScaled]: 
(0.39258018f0, Float32[-5.31062, 1.0])
maxRγD[3][:lenScaled]: 
(0.46719941f0, Float32[-5.3507, 0.989796])
maxRγD[1][:cent]: 
(0.039958548f0, Float32[8.87776, 0.5])
maxRγD[2][:cent]: 
(0.04010393f0, Float32[8.998, 0.5])
maxRγD[3][:cent]: 
(0.03993418f0, Float32[9.11824, 0.5])
----------------------------------------
