-----------------------------------------------------------------
(:η, 0.05f0)
-----------------------------------------------------------------
(:η, 0.05f0, :γ, Float32[-10.0, 1.0], :typeIerr, 0.025f0, :len, 0.269f0, :lenScaled, 0.269f0, :cent, 0.031f0)
(:η, 0.05f0, :γ, Float32[-10.0, 1.01804], :typeIerr, 0.023f0, :len, 0.279f0, :lenScaled, 0.27f0, :cent, 0.031f0)
(:η, 0.05f0, :γ, Float32[-10.0, 1.03607], :typeIerr, 0.023f0, :len, 0.288f0, :lenScaled, 0.268f0, :cent, 0.031f0)
(:η, 0.05f0, :γ, Float32[-10.0, 1.05411], :typeIerr, 0.029f0, :len, 0.298f0, :lenScaled, 0.268f0, :cent, 0.031f0)
(:η, 0.05f0, :γ, Float32[-10.0, 1.07214], :typeIerr, 0.028f0, :len, 0.309f0, :lenScaled, 0.269f0, :cent, 0.031f0)
----------------------------------------
(:η, 0.05f0, :tIerr, :γ_max_tIerr, Float32[-7.31463, 8.0521], :max_tIerr, 0.134f0, :mean_tIerr, 0.056f0, :L2mean_tIerr, 0.06f0)
(:η, 0.05f0, :len, :γ_max_len, Float32[-2.02405, 9.94589], :max_len, 21.904f0)
(:η, 0.05f0, :lenσ², :γ_max_lenσ², Float32[-6.19238, 5.11222], :max_lenσ², 0.366f0, :mean_lenσ², 0.312f0)
(:η, 0.05f0, :cent, :γ_max_cent, Float32[10.0, 3.34469], :max_cent, 0.035f0)
----------------------------------------
----------------------------------------
(:modeln, "142100", :max_tIerr, 0.1342f0)
----------------------------------------
-----------------------------------------------------------------
(:η, 0.02f0)
-----------------------------------------------------------------
(:η, 0.02f0, :γ, Float32[-10.0, 1.0], :typeIerr, 0.018f0, :len, 0.302f0, :lenScaled, 0.302f0, :cent, 0.031f0)
(:η, 0.02f0, :γ, Float32[-10.0, 1.01804], :typeIerr, 0.023f0, :len, 0.314f0, :lenScaled, 0.303f0, :cent, 0.032f0)
(:η, 0.02f0, :γ, Float32[-10.0, 1.03607], :typeIerr, 0.021f0, :len, 0.325f0, :lenScaled, 0.303f0, :cent, 0.031f0)
(:η, 0.02f0, :γ, Float32[-10.0, 1.05411], :typeIerr, 0.02f0, :len, 0.335f0, :lenScaled, 0.302f0, :cent, 0.031f0)
(:η, 0.02f0, :γ, Float32[-10.0, 1.07214], :typeIerr, 0.021f0, :len, 0.347f0, :lenScaled, 0.301f0, :cent, 0.031f0)
----------------------------------------
(:η, 0.02f0, :tIerr, :γ_max_tIerr, Float32[9.63928, 1.28858], :max_tIerr, 0.106f0, :mean_tIerr, 0.044f0, :L2mean_tIerr, 0.047f0)
(:η, 0.02f0, :len, :γ_max_len, Float32[-3.02605, 9.83768], :max_len, 23.484f0)
(:η, 0.02f0, :lenσ², :γ_max_lenσ², Float32[-6.67335, 4.91383], :max_lenσ², 0.405f0, :mean_lenσ², 0.339f0)
(:η, 0.02f0, :cent, :γ_max_cent, Float32[4.18838, 9.98196], :max_cent, 0.035f0)
----------------------------------------
----------------------------------------
(:modeln, "142100", :max_tIerr, 0.1058f0)
----------------------------------------
-----------------------------------------------------------------
(:η, 0.0f0)
-----------------------------------------------------------------
(:η, 0.0f0, :γ, Float32[-10.0, 1.0], :typeIerr, 0.018f0, :len, 0.343f0, :lenScaled, 0.343f0, :cent, 0.031f0)
(:η, 0.0f0, :γ, Float32[-10.0, 1.01804], :typeIerr, 0.015f0, :len, 0.354f0, :lenScaled, 0.341f0, :cent, 0.031f0)
(:η, 0.0f0, :γ, Float32[-10.0, 1.03607], :typeIerr, 0.017f0, :len, 0.365f0, :lenScaled, 0.34f0, :cent, 0.031f0)
(:η, 0.0f0, :γ, Float32[-10.0, 1.05411], :typeIerr, 0.016f0, :len, 0.38f0, :lenScaled, 0.342f0, :cent, 0.031f0)
(:η, 0.0f0, :γ, Float32[-10.0, 1.07214], :typeIerr, 0.015f0, :len, 0.392f0, :lenScaled, 0.341f0, :cent, 0.031f0)
----------------------------------------
(:η, 0.0f0, :tIerr, :γ_max_tIerr, Float32[7.15431, 9.85571], :max_tIerr, 0.078f0, :mean_tIerr, 0.033f0, :L2mean_tIerr, 0.035f0)
(:η, 0.0f0, :len, :γ_max_len, Float32[-3.34669, 9.72946], :max_len, 24.962f0)
(:η, 0.0f0, :lenσ², :γ_max_lenσ², Float32[-3.50701, 1.39679], :max_lenσ², 0.486f0, :mean_lenσ², 0.376f0)
(:η, 0.0f0, :cent, :γ_max_cent, Float32[10.0, 2.85772], :max_cent, 0.035f0)
----------------------------------------
----------------------------------------
(:modeln, "142100", :max_tIerr, 0.078f0)
----------------------------------------
----------------------------------------
FINISHED GRID INTERROGATION #2
----------------------------------------
max_tIerr: 
[0.1342, 0.1058, 0.078]
----------------------------------------
maxRγD[1][:typeIerr]: 
(0.1342f0, Float32[-7.31463, 8.0521])
maxRγD[2][:typeIerr]: 
(0.1058f0, Float32[9.63928, 1.28858])
maxRγD[3][:typeIerr]: 
(0.078f0, Float32[7.15431, 9.85571])
maxRγD[1][:len]: 
(21.903994f0, Float32[-2.02405, 9.94589])
maxRγD[2][:len]: 
(23.483715f0, Float32[-3.02605, 9.83768])
maxRγD[3][:len]: 
(24.961752f0, Float32[-3.34669, 9.72946])
maxRγD[1][:lenScaled]: 
(0.36641666f0, Float32[-6.19238, 5.11222])
maxRγD[2][:lenScaled]: 
(0.40542945f0, Float32[-6.67335, 4.91383])
maxRγD[3][:lenScaled]: 
(0.48622563f0, Float32[-3.50701, 1.39679])
maxRγD[1][:cent]: 
(0.035457432f0, Float32[10.0, 3.34469])
maxRγD[2][:cent]: 
(0.03491438f0, Float32[4.18838, 9.98196])
maxRγD[3][:cent]: 
(0.035443753f0, Float32[10.0, 2.85772])
----------------------------------------
